<?xml version="1.0" encoding="UTF-8"?>
<!-- Generated by org.testng.reporters.JUnitReportReporter -->
<testsuite hostname="netxd-Vostro-15-3510" failures="0" tests="1" name="Runner.TestRunner" time="23.163" errors="0" timestamp="2024-12-27T19:23:10 IST" skipped="0">
  <testcase classname="Runner.TestRunner" name="runScenario" time="23.163"/>
</testsuite> <!-- Runner.TestRunner -->
